<?xml version="1.0" encoding="UTF-8"?>
<!-- Generated by org.testng.reporters.JUnitXMLReporter -->
<testsuite hostname="qainfotech-OptiPlex-755" ignored="0" name="Default test" tests="4" failures="0" timestamp="28 Jun 2018 05:24:48 GMT" time="0.314" errors="0">
  <testcase name="verifyAddingMoreThanFourUsers" time="0.041" classname="testClasses.SNLTestCases"/>
  <testcase name="verifyAddingSameNameUsers" time="0.005" classname="testClasses.SNLTestCases"/>
  <testcase name="verifyDeleteUserWithoutRegisteringAnyUser" time="0.005" classname="testClasses.SNLTestCases"/>
  <testcase name="verifyRollDiceWithoutRegisteringAnyUser" time="0.002" classname="testClasses.SNLTestCases"/>
</testsuite> <!-- Default test -->
