<?xml version="1.0" encoding="UTF-8"?>
<testng-results skipped="0" failed="0" ignored="0" total="1" passed="1">
  <reporter-output>
  </reporter-output>
  <suite name="Default suite" duration-ms="364" started-at="2018-06-28T14:07:06Z" finished-at="2018-06-28T14:07:06Z">
    <groups>
    </groups>
    <test name="Default test" duration-ms="364" started-at="2018-06-28T14:07:06Z" finished-at="2018-06-28T14:07:06Z">
      <class name="testClasses.SNLTestCases">
        <test-method status="PASS" signature="initExceptions()[pri:0, instance:testClasses.SNLTestCases@7921b0a2]" name="initExceptions" is-config="true" duration-ms="164" started-at="2018-06-28T19:37:06Z" finished-at="2018-06-28T19:37:06Z">
          <reporter-output>
          </reporter-output>
        </test-method> <!-- initExceptions -->
        <test-method status="PASS" signature="playGame()[pri:0, instance:testClasses.SNLTestCases@7921b0a2]" name="playGame" duration-ms="69" started-at="2018-06-28T19:37:06Z" finished-at="2018-06-28T19:37:06Z">
          <reporter-output>
          </reporter-output>
        </test-method> <!-- playGame -->
        <test-method status="PASS" signature="tearDownException()[pri:0, instance:testClasses.SNLTestCases@7921b0a2]" name="tearDownException" is-config="true" duration-ms="71" started-at="2018-06-28T19:37:06Z" finished-at="2018-06-28T19:37:06Z">
          <reporter-output>
          </reporter-output>
        </test-method> <!-- tearDownException -->
      </class> <!-- testClasses.SNLTestCases -->
    </test> <!-- Default test -->
  </suite> <!-- Default suite -->
</testng-results>
